
          -------------------------------------------------------
          Amber 18 PMEMD                              2018
          -------------------------------------------------------

| PMEMD implementation of SANDER, Release 18

| Run on 06/10/2020 at 12:17:39

|   Executable path: pmemd.MPI
| Working directory: /home/sobecks2/6BRT
|          Hostname: compute-0-0.local

  [-O]verwriting output

File Assignments:
|   MDIN: heat-3.in                                                             
|  MDOUT: heat-3.out                                                            
| INPCRD: heat-2.rst                                                            
|   PARM: protein_helix_nohydrogen.prmtop                                       
| RESTRT: heat-3.rst                                                            
|   REFC: heat-2.rst                                                            
|  MDVEL: mdvel                                                                 
|   MDEN: mden                                                                  
|  MDCRD: heat-3.mdcrd                                                          
| MDINFO: heat-3.mdinfo                                                         
|LOGFILE: logfile                                                               
|  MDFRC: mdfrc                                                                 


 Here is the input file:

stage 3 heating from 10 to 300 K in NPT                                        
&cntrl                                                                         
imin=0, irest=1, ntx=5,                                                        
nstlim=1000000, dt=0.002,                                                      
ntc=2, ntf=2,                                                                  
ntt=1, tautp=1.0,                                                              
tempi=10.0, temp0=300.0,                                                       
ntpr=25000, ntwx=25000,                                                        
ntb=2, ntp=1, pres0=1.0,                                                       
cut=10, iwrap=1,                                                               
ntr=1,                                                                         
restraint_wt = 10,                                                             
restraintmask = '@CA,C,O,N'                                                    
/                                                                              


Note: ig = -1. Setting random seed to   839448 based on wallclock time in
      microseconds and disabling the synchronization of random numbers 
      between tasks to improve performance.
| irandom = 1, using AMBER's internal random number generator (default).
 
 
| Conditional Compilation Defines Used:
| MPI
| PUBFFT
| BINTRAJ
| EMIL

| Largest sphere to fit in unit cell has radius =    38.652

| New format PARM file being parsed.
| Version =    1.000 Date = 06/04/20 Time = 14:30:21

| Note: 1-4 EEL scale factors are being read from the topology file.

| Note: 1-4 VDW scale factors are being read from the topology file.
| Duplicated    0 dihedrals

| Duplicated    0 dihedrals

--------------------------------------------------------------------------------
   1.  RESOURCE   USE: 
--------------------------------------------------------------------------------

 getting box info from netcdf restart file
 NATOM  =   38590 NTYPES =      18 NBONH =   36362 MBONA  =    2251
 NTHETH =    4965 MTHETA =    3061 NPHIH =   10114 MPHIA  =    9658
 NHPARM =       0 NPARM  =       0 NNB   =   69793 NRES   =   11698
 NBONA  =    2251 NTHETA =    3061 NPHIA =    9658 NUMBND =      65
 NUMANG =     148 NPTRA  =     191 NATYP =      37 NPHB   =       1
 IFBOX  =       1 NMXRS  =      24 IFCAP =       0 NEXTRA =       0
 NCOPY  =       0

| Coordinate Index Table dimensions:    12   13   12
| Direct force subcell size =     6.4963    6.1289    6.4420

     BOX TYPE: RECTILINEAR

--------------------------------------------------------------------------------
   2.  CONTROL  DATA  FOR  THE  RUN
--------------------------------------------------------------------------------

default_name                                                                    

General flags:
     imin    =       0, nmropt  =       0

Nature and format of input:
     ntx     =       5, irest   =       1, ntrx    =       1

Nature and format of output:
     ntxo    =       2, ntpr    =   25000, ntrx    =       1, ntwr    = 1000000
     iwrap   =       1, ntwx    =   25000, ntwv    =       0, ntwe    =       0
     ioutfm  =       1, ntwprt  =       0, idecomp =       0, rbornstat=      0

Potential function:
     ntf     =       2, ntb     =       2, igb     =       0, nsnb    =      25
     ipol    =       0, gbsa    =       0, iesp    =       0
     dielc   =   1.00000, cut     =  10.00000, intdiel =   1.00000

Frozen or restrained atoms:
     ibelly  =       0, ntr     =       1
     restraint_wt =  10.00000

Molecular dynamics:
     nstlim  =   1000000, nscm    =         0, nrespa  =         1
     t       =   0.00000, dt      =   0.00200, vlimit  =  20.00000

Berendsen (weak-coupling) temperature regulation:
     temp0   = 300.00000, tempi   =  10.00000, tautp   =   1.00000

Pressure regulation:
     ntp     =       1
     pres0   =   1.00000, comp    =  44.60000, taup    =   1.00000

SHAKE:
     ntc     =       2, jfastw  =       0
     tol     =   0.00001

| Intermolecular bonds treatment:
|     no_intermolecular_bonds =       1

| Energy averages sample interval:
|     ene_avg_sampling =   25000

Ewald parameters:
     verbose =       0, ew_type =       0, nbflag  =       1, use_pme =       1
     vdwmeth =       1, eedmeth =       1, netfrc  =       1
     Box X =   77.955   Box Y =   79.675   Box Z =   77.305
     Alpha =   90.000   Beta  =   90.000   Gamma =   90.000
     NFFT1 =   80       NFFT2 =   80       NFFT3 =   80
     Cutoff=   10.000   Tol   =0.100E-04
     Ewald Coefficient =  0.27511
     Interpolation order =    4

| PMEMD ewald parallel performance parameters:
|     block_fft =    0
|     fft_blk_y_divisor =    2
|     excl_recip =    0
|     excl_master =    0
|     atm_redist_freq =  320

    LOADING THE CONSTRAINED ATOMS AS GROUPS


   5.  REFERENCE ATOM COORDINATES

  default_name                                                                    
     Mask @CA,C,O,N; matches 12528 atoms

--------------------------------------------------------------------------------
   3.  ATOMIC COORDINATES AND VELOCITIES
--------------------------------------------------------------------------------

default_name                                                                    
 begin time read from input coords =  2000.000 ps

 
 Number of triangulated 3-point waters found:    11386

     Sum of charges from parm topology file =  -0.00000018
     Forcing neutrality...

| Dynamic Memory, Types Used:
| Reals             5951057
| Integers          1765555

| Nonbonded Pairs Initial Allocation:     1889944

| Running AMBER/MPI version on   16 MPI task

 
--------------------------------------------------------------------------------
   4.  RESULTS
--------------------------------------------------------------------------------

 ---------------------------------------------------
 APPROXIMATING switch and d/dx switch using CUBIC SPLINE INTERPOLATION
 using   5000.0 points per unit in tabled values
 TESTING RELATIVE ERROR over r ranging from 0.0 to cutoff
| CHECK switch(x): max rel err =   0.2738E-14   at   2.422500
| CHECK d/dx switch(x): max rel err =   0.8314E-11   at   2.736960
 ---------------------------------------------------
|---------------------------------------------------
| APPROXIMATING direct energy using CUBIC SPLINE INTERPOLATION
|  with   50.0 points per unit in tabled values
| Relative Error Limit not exceeded for r .gt.   2.33
| APPROXIMATING direct force using CUBIC SPLINE INTERPOLATION
|  with   50.0 points per unit in tabled values
| Relative Error Limit not exceeded for r .gt.   2.80
|---------------------------------------------------

 NSTEP =    25000   TIME(PS) =    2050.000  TEMP(K) =   300.02  PRESS =   -51.7
 Etot   =    -94360.9634  EKtot   =     23671.4823  EPtot      =   -118032.4457
 BOND   =       879.4563  ANGLE   =      2270.1504  DIHED      =      3558.4388
 1-4 NB =      1001.3250  1-4 EEL =      8732.3307  VDWAALS    =     19897.8419
 EELEC  =   -160142.3753  EHBOND  =         0.0000  RESTRAINT  =      5770.3865
 EAMBER (non-restraint)  =   -123802.8322
 EKCMT  =     10230.6412  VIRIAL  =     10801.3769  VOLUME     =    511546.9120
                                                    Density    =         0.7696
 Ewald error estimate:   0.5974E-04
 ------------------------------------------------------------------------------


 NSTEP =    50000   TIME(PS) =    2100.000  TEMP(K) =   300.27  PRESS =    71.5
 Etot   =    -94267.6707  EKtot   =     23691.3899  EPtot      =   -117959.0605
 BOND   =       839.1082  ANGLE   =      2228.6247  DIHED      =      3540.0471
 1-4 NB =      1005.9947  1-4 EEL =      8748.6288  VDWAALS    =     19929.4793
 EELEC  =   -160115.2421  EHBOND  =         0.0000  RESTRAINT  =      5864.2987
 EAMBER (non-restraint)  =   -123823.3592
 EKCMT  =     10236.9998  VIRIAL  =      9446.6807  VOLUME     =    511849.1353
                                                    Density    =         0.7692
 Ewald error estimate:   0.1883E-04
 ------------------------------------------------------------------------------


 NSTEP =    75000   TIME(PS) =    2150.000  TEMP(K) =   298.79  PRESS =   -19.5
 Etot   =    -94261.3179  EKtot   =     23574.0587  EPtot      =   -117835.3766
 BOND   =       850.9360  ANGLE   =      2214.5811  DIHED      =      3567.2433
 1-4 NB =      1003.1551  1-4 EEL =      8811.5566  VDWAALS    =     19857.0166
 EELEC  =   -160008.9324  EHBOND  =         0.0000  RESTRAINT  =      5869.0671
 EAMBER (non-restraint)  =   -123704.4437
 EKCMT  =     10212.4241  VIRIAL  =     10428.1379  VOLUME     =    512058.8637
                                                    Density    =         0.7689
 Ewald error estimate:   0.3572E-04
 ------------------------------------------------------------------------------


 NSTEP =   100000   TIME(PS) =    2200.000  TEMP(K) =   297.02  PRESS =    51.9
 Etot   =    -94206.8677  EKtot   =     23434.7088  EPtot      =   -117641.5764
 BOND   =       850.0993  ANGLE   =      2263.7507  DIHED      =      3533.6880
 1-4 NB =       986.6163  1-4 EEL =      8811.3170  VDWAALS    =     19890.1101
 EELEC  =   -159971.7498  EHBOND  =         0.0000  RESTRAINT  =      5994.5919
 EAMBER (non-restraint)  =   -123636.1683
 EKCMT  =     10216.8039  VIRIAL  =      9643.0503  VOLUME     =    512015.0650
                                                    Density    =         0.7689
 Ewald error estimate:   0.8577E-04
 ------------------------------------------------------------------------------


 NSTEP =   125000   TIME(PS) =    2250.000  TEMP(K) =   298.52  PRESS =   -78.1
 Etot   =    -94254.0519  EKtot   =     23552.8706  EPtot      =   -117806.9225
 BOND   =       803.4703  ANGLE   =      2254.3148  DIHED      =      3588.1059
 1-4 NB =      1012.7707  1-4 EEL =      8793.2850  VDWAALS    =     19764.6636
 EELEC  =   -159987.6425  EHBOND  =         0.0000  RESTRAINT  =      5964.1095
 EAMBER (non-restraint)  =   -123771.0320
 EKCMT  =     10197.8745  VIRIAL  =     11060.9001  VOLUME     =    511944.2829
                                                    Density    =         0.7690
 Ewald error estimate:   0.5619E-04
 ------------------------------------------------------------------------------


 NSTEP =   150000   TIME(PS) =    2300.000  TEMP(K) =   298.90  PRESS =    33.5
 Etot   =    -94285.9281  EKtot   =     23582.9406  EPtot      =   -117868.8687
 BOND   =       849.5074  ANGLE   =      2237.8784  DIHED      =      3547.2521
 1-4 NB =      1015.9444  1-4 EEL =      8766.9258  VDWAALS    =     19982.8996
 EELEC  =   -160220.3499  EHBOND  =         0.0000  RESTRAINT  =      5951.0734
 EAMBER (non-restraint)  =   -123819.9421
 EKCMT  =     10231.5308  VIRIAL  =      9861.3342  VOLUME     =    511927.4075
                                                    Density    =         0.7691
 Ewald error estimate:   0.6154E-04
 ------------------------------------------------------------------------------


 NSTEP =   175000   TIME(PS) =    2350.000  TEMP(K) =   300.71  PRESS =   -65.2
 Etot   =    -94297.2155  EKtot   =     23725.7688  EPtot      =   -118022.9844
 BOND   =       829.3978  ANGLE   =      2217.1501  DIHED      =      3563.7255
 1-4 NB =      1018.8089  1-4 EEL =      8750.2924  VDWAALS    =     19923.4891
 EELEC  =   -160263.4864  EHBOND  =         0.0000  RESTRAINT  =      5937.6383
 EAMBER (non-restraint)  =   -123960.6227
 EKCMT  =     10313.4028  VIRIAL  =     11034.0472  VOLUME     =    511765.8780
                                                    Density    =         0.7693
 Ewald error estimate:   0.1304E-04
 ------------------------------------------------------------------------------


 NSTEP =   200000   TIME(PS) =    2400.000  TEMP(K) =   302.35  PRESS =   -84.8
 Etot   =    -94256.8580  EKtot   =     23854.9012  EPtot      =   -118111.7592
 BOND   =       844.1937  ANGLE   =      2200.8080  DIHED      =      3561.0260
 1-4 NB =      1004.4681  1-4 EEL =      8744.7341  VDWAALS    =     19808.8223
 EELEC  =   -160201.6741  EHBOND  =         0.0000  RESTRAINT  =      5925.8628
 EAMBER (non-restraint)  =   -124037.6220
 EKCMT  =     10324.7993  VIRIAL  =     11262.3589  VOLUME     =    511976.7212
                                                    Density    =         0.7690
 Ewald error estimate:   0.4129E-04
 ------------------------------------------------------------------------------


 NSTEP =   225000   TIME(PS) =    2450.000  TEMP(K) =   299.78  PRESS =    29.0
 Etot   =    -94265.1478  EKtot   =     23652.2975  EPtot      =   -117917.4453
 BOND   =       853.6924  ANGLE   =      2213.1372  DIHED      =      3566.5187
 1-4 NB =       998.7744  1-4 EEL =      8731.5282  VDWAALS    =     20006.1843
 EELEC  =   -160258.7663  EHBOND  =         0.0000  RESTRAINT  =      5971.4858
 EAMBER (non-restraint)  =   -123888.9311
 EKCMT  =     10266.5322  VIRIAL  =      9946.0962  VOLUME     =    511769.2409
                                                    Density    =         0.7693
 Ewald error estimate:   0.1057E-04
 ------------------------------------------------------------------------------


 NSTEP =   250000   TIME(PS) =    2500.000  TEMP(K) =   298.01  PRESS =    67.4
 Etot   =    -94248.4269  EKtot   =     23513.0335  EPtot      =   -117761.4604
 BOND   =       861.4094  ANGLE   =      2271.9301  DIHED      =      3553.0924
 1-4 NB =       988.9648  1-4 EEL =      8802.0776  VDWAALS    =     20024.0052
 EELEC  =   -160253.5142  EHBOND  =         0.0000  RESTRAINT  =      5990.5743
 EAMBER (non-restraint)  =   -123752.0347
 EKCMT  =     10223.1802  VIRIAL  =      9478.4304  VOLUME     =    511898.3894
                                                    Density    =         0.7691
 Ewald error estimate:   0.6481E-04
 ------------------------------------------------------------------------------


 NSTEP =   275000   TIME(PS) =    2550.000  TEMP(K) =   300.29  PRESS =  -119.5
 Etot   =    -94234.4087  EKtot   =     23692.4341  EPtot      =   -117926.8428
 BOND   =       833.7257  ANGLE   =      2276.1781  DIHED      =      3576.1445
 1-4 NB =      1030.8357  1-4 EEL =      8778.6186  VDWAALS    =     19798.5271
 EELEC  =   -160156.6629  EHBOND  =         0.0000  RESTRAINT  =      5935.7905
 EAMBER (non-restraint)  =   -123862.6333
 EKCMT  =     10346.8797  VIRIAL  =     11667.6538  VOLUME     =    511877.1081
                                                    Density    =         0.7691
 Ewald error estimate:   0.6333E-04
 ------------------------------------------------------------------------------


 NSTEP =   300000   TIME(PS) =    2600.000  TEMP(K) =   300.12  PRESS =   -10.7
 Etot   =    -94194.6391  EKtot   =     23679.3052  EPtot      =   -117873.9443
 BOND   =       861.5596  ANGLE   =      2221.4452  DIHED      =      3565.6753
 1-4 NB =      1006.7296  1-4 EEL =      8715.6917  VDWAALS    =     19951.7634
 EELEC  =   -160162.5328  EHBOND  =         0.0000  RESTRAINT  =      5965.7237
 EAMBER (non-restraint)  =   -123839.6681
 EKCMT  =     10219.5536  VIRIAL  =     10337.8346  VOLUME     =    512157.1417
                                                    Density    =         0.7687
 Ewald error estimate:   0.1333E-04
 ------------------------------------------------------------------------------


 NSTEP =   325000   TIME(PS) =    2650.000  TEMP(K) =   301.11  PRESS =    85.4
 Etot   =    -94231.6843  EKtot   =     23757.0754  EPtot      =   -117988.7597
 BOND   =       838.1565  ANGLE   =      2242.1459  DIHED      =      3587.5493
 1-4 NB =      1005.4399  1-4 EEL =      8733.0454  VDWAALS    =     20028.1893
 EELEC  =   -160351.8072  EHBOND  =         0.0000  RESTRAINT  =      5928.5212
 EAMBER (non-restraint)  =   -123917.2809
 EKCMT  =     10363.6616  VIRIAL  =      9419.9367  VOLUME     =    512046.5126
                                                    Density    =         0.7689
 Ewald error estimate:   0.2520E-04
 ------------------------------------------------------------------------------


 NSTEP =   350000   TIME(PS) =    2700.000  TEMP(K) =   297.49  PRESS =     3.0
 Etot   =    -94212.2491  EKtot   =     23471.8541  EPtot      =   -117684.1032
 BOND   =       875.8817  ANGLE   =      2259.6507  DIHED      =      3557.0227
 1-4 NB =       988.3673  1-4 EEL =      8730.8815  VDWAALS    =     19944.9970
 EELEC  =   -159974.2415  EHBOND  =         0.0000  RESTRAINT  =      5933.3375
 EAMBER (non-restraint)  =   -123617.4408
 EKCMT  =     10146.3973  VIRIAL  =     10112.9165  VOLUME     =    511798.3689
                                                    Density    =         0.7693
 Ewald error estimate:   0.4000E-04
 ------------------------------------------------------------------------------


 NSTEP =   375000   TIME(PS) =    2750.000  TEMP(K) =   300.63  PRESS =   -76.0
 Etot   =    -94222.0048  EKtot   =     23719.8946  EPtot      =   -117941.8994
 BOND   =       846.4118  ANGLE   =      2249.3666  DIHED      =      3549.1026
 1-4 NB =      1020.7762  1-4 EEL =      8777.5455  VDWAALS    =     19755.3888
 EELEC  =   -160042.8640  EHBOND  =         0.0000  RESTRAINT  =      5902.3732
 EAMBER (non-restraint)  =   -123844.2725
 EKCMT  =     10173.2803  VIRIAL  =     11013.7584  VOLUME     =    511868.7990
                                                    Density    =         0.7692
 Ewald error estimate:   0.6219E-04
 ------------------------------------------------------------------------------


 NSTEP =   400000   TIME(PS) =    2800.000  TEMP(K) =   300.86  PRESS =    22.7
 Etot   =    -94218.2288  EKtot   =     23737.5409  EPtot      =   -117955.7697
 BOND   =       862.0286  ANGLE   =      2176.6263  DIHED      =      3559.6780
 1-4 NB =      1023.1836  1-4 EEL =      8739.4973  VDWAALS    =     19925.7086
 EELEC  =   -160195.5566  EHBOND  =         0.0000  RESTRAINT  =      5953.0646
 EAMBER (non-restraint)  =   -123908.8343
 EKCMT  =     10350.7100  VIRIAL  =     10099.4225  VOLUME     =    511737.1928
                                                    Density    =         0.7694
 Ewald error estimate:   0.3427E-04
 ------------------------------------------------------------------------------


 NSTEP =   425000   TIME(PS) =    2850.000  TEMP(K) =   299.40  PRESS =    65.6
 Etot   =    -94185.3083  EKtot   =     23622.4450  EPtot      =   -117807.7533
 BOND   =       860.3602  ANGLE   =      2279.3426  DIHED      =      3546.9721
 1-4 NB =      1008.5439  1-4 EEL =      8735.8495  VDWAALS    =     19901.0325
 EELEC  =   -160011.0944  EHBOND  =         0.0000  RESTRAINT  =      5871.2404
 EAMBER (non-restraint)  =   -123678.9937
 EKCMT  =     10225.9930  VIRIAL  =      9501.1128  VOLUME     =    512090.3619
                                                    Density    =         0.7688
 Ewald error estimate:   0.5836E-05
 ------------------------------------------------------------------------------


 NSTEP =   450000   TIME(PS) =    2900.000  TEMP(K) =   298.67  PRESS =  -133.8
 Etot   =    -94200.2744  EKtot   =     23564.6100  EPtot      =   -117764.8844
 BOND   =       885.2534  ANGLE   =      2247.9101  DIHED      =      3603.8075
 1-4 NB =       992.4453  1-4 EEL =      8689.2635  VDWAALS    =     19658.2553
 EELEC  =   -159795.2242  EHBOND  =         0.0000  RESTRAINT  =      5953.4049
 EAMBER (non-restraint)  =   -123718.2892
 EKCMT  =     10155.3367  VIRIAL  =     11634.1504  VOLUME     =    512021.3156
                                                    Density    =         0.7689
 Ewald error estimate:   0.5599E-04
 ------------------------------------------------------------------------------


 NSTEP =   475000   TIME(PS) =    2950.000  TEMP(K) =   298.71  PRESS =   -18.5
 Etot   =    -94203.3980  EKtot   =     23568.1391  EPtot      =   -117771.5371
 BOND   =       837.9127  ANGLE   =      2228.1089  DIHED      =      3568.9755
 1-4 NB =      1012.5927  1-4 EEL =      8742.6086  VDWAALS    =     19800.1696
 EELEC  =   -159937.6122  EHBOND  =         0.0000  RESTRAINT  =      5975.7072
 EAMBER (non-restraint)  =   -123747.2442
 EKCMT  =     10291.2190  VIRIAL  =     10495.8695  VOLUME     =    512120.5585
                                                    Density    =         0.7688
 Ewald error estimate:   0.3158E-04
 ------------------------------------------------------------------------------


 NSTEP =   500000   TIME(PS) =    3000.000  TEMP(K) =   300.48  PRESS =    62.0
 Etot   =    -94206.6797  EKtot   =     23707.4496  EPtot      =   -117914.1293
 BOND   =       877.6710  ANGLE   =      2219.7392  DIHED      =      3582.9509
 1-4 NB =       994.3094  1-4 EEL =      8719.2405  VDWAALS    =     20033.7440
 EELEC  =   -160317.9178  EHBOND  =         0.0000  RESTRAINT  =      5976.1335
 EAMBER (non-restraint)  =   -123890.2628
 EKCMT  =     10354.2814  VIRIAL  =      9668.8037  VOLUME     =    512104.3071
                                                    Density    =         0.7688
 Ewald error estimate:   0.2885E-05
 ------------------------------------------------------------------------------


 NSTEP =   525000   TIME(PS) =    3050.000  TEMP(K) =   300.55  PRESS =    30.0
 Etot   =    -94118.8434  EKtot   =     23713.5966  EPtot      =   -117832.4400
 BOND   =       901.7406  ANGLE   =      2195.0510  DIHED      =      3538.6023
 1-4 NB =       996.8270  1-4 EEL =      8749.6695  VDWAALS    =     19886.2350
 EELEC  =   -160045.1334  EHBOND  =         0.0000  RESTRAINT  =      5944.5681
 EAMBER (non-restraint)  =   -123777.0081
 EKCMT  =     10267.1318  VIRIAL  =      9935.1128  VOLUME     =    511953.8458
                                                    Density    =         0.7690
 Ewald error estimate:   0.8366E-04
 ------------------------------------------------------------------------------


 NSTEP =   550000   TIME(PS) =    3100.000  TEMP(K) =   300.39  PRESS =     4.3
 Etot   =    -94188.5947  EKtot   =     23700.6143  EPtot      =   -117889.2090
 BOND   =       849.2071  ANGLE   =      2271.4972  DIHED      =      3552.4707
 1-4 NB =      1000.4459  1-4 EEL =      8767.1460  VDWAALS    =     19857.9329
 EELEC  =   -160105.0145  EHBOND  =         0.0000  RESTRAINT  =      5917.1057
 EAMBER (non-restraint)  =   -123806.3146
 EKCMT  =     10246.3831  VIRIAL  =     10198.9417  VOLUME     =    512170.9186
                                                    Density    =         0.7687
 Ewald error estimate:   0.2301E-04
 ------------------------------------------------------------------------------


 NSTEP =   575000   TIME(PS) =    3150.000  TEMP(K) =   299.58  PRESS =   -43.6
 Etot   =    -94143.2495  EKtot   =     23636.6614  EPtot      =   -117779.9109
 BOND   =       853.7245  ANGLE   =      2205.9969  DIHED      =      3571.9736
 1-4 NB =      1016.0529  1-4 EEL =      8775.0420  VDWAALS    =     19760.4547
 EELEC  =   -159865.0003  EHBOND  =         0.0000  RESTRAINT  =      5901.8449
 EAMBER (non-restraint)  =   -123681.7558
 EKCMT  =     10341.0468  VIRIAL  =     10822.6635  VOLUME     =    512179.6251
                                                    Density    =         0.7687
 Ewald error estimate:   0.1346E-04
 ------------------------------------------------------------------------------


 NSTEP =   600000   TIME(PS) =    3200.000  TEMP(K) =   301.01  PRESS =    -8.5
 Etot   =    -94161.3865  EKtot   =     23749.7524  EPtot      =   -117911.1389
 BOND   =       860.5653  ANGLE   =      2254.4232  DIHED      =      3560.4794
 1-4 NB =      1001.0025  1-4 EEL =      8756.9759  VDWAALS    =     20034.5307
 EELEC  =   -160307.9434  EHBOND  =         0.0000  RESTRAINT  =      5928.8275
 EAMBER (non-restraint)  =   -123839.9664
 EKCMT  =     10360.0954  VIRIAL  =     10454.1998  VOLUME     =    512034.0306
                                                    Density    =         0.7689
 Ewald error estimate:   0.3636E-04
 ------------------------------------------------------------------------------


 NSTEP =   625000   TIME(PS) =    3250.000  TEMP(K) =   300.37  PRESS =  -153.4
 Etot   =    -94236.4702  EKtot   =     23698.7073  EPtot      =   -117935.1775
 BOND   =       839.9029  ANGLE   =      2254.6929  DIHED      =      3565.3569
 1-4 NB =      1010.4183  1-4 EEL =      8698.7011  VDWAALS    =     19743.0058
 EELEC  =   -159895.1070  EHBOND  =         0.0000  RESTRAINT  =      5847.8515
 EAMBER (non-restraint)  =   -123783.0290
 EKCMT  =     10199.5141  VIRIAL  =     11894.3285  VOLUME     =    511807.6109
                                                    Density    =         0.7692
 Ewald error estimate:   0.1736E-04
 ------------------------------------------------------------------------------


 NSTEP =   650000   TIME(PS) =    3300.000  TEMP(K) =   299.77  PRESS =   -26.1
 Etot   =    -94167.9774  EKtot   =     23651.7852  EPtot      =   -117819.7627
 BOND   =       798.9275  ANGLE   =      2280.4464  DIHED      =      3566.6394
 1-4 NB =       986.4246  1-4 EEL =      8778.9693  VDWAALS    =     19856.3041
 EELEC  =   -160071.1920  EHBOND  =         0.0000  RESTRAINT  =      5983.7180
 EAMBER (non-restraint)  =   -123803.4806
 EKCMT  =     10225.9169  VIRIAL  =     10514.4236  VOLUME     =    511792.5089
                                                    Density    =         0.7693
 Ewald error estimate:   0.2789E-04
 ------------------------------------------------------------------------------


 NSTEP =   675000   TIME(PS) =    3350.000  TEMP(K) =   299.55  PRESS =    10.5
 Etot   =    -94182.0206  EKtot   =     23634.3630  EPtot      =   -117816.3836
 BOND   =       821.0007  ANGLE   =      2270.6754  DIHED      =      3555.1956
 1-4 NB =      1015.7786  1-4 EEL =      8783.6023  VDWAALS    =     19873.0546
 EELEC  =   -160097.7740  EHBOND  =         0.0000  RESTRAINT  =      5962.0831
 EAMBER (non-restraint)  =   -123778.4667
 EKCMT  =     10361.4986  VIRIAL  =     10245.0732  VOLUME     =    512180.4246
                                                    Density    =         0.7687
 Ewald error estimate:   0.1368E-04
 ------------------------------------------------------------------------------


 NSTEP =   700000   TIME(PS) =    3400.000  TEMP(K) =   300.59  PRESS =    18.2
 Etot   =    -94193.8466  EKtot   =     23716.0889  EPtot      =   -117909.9355
 BOND   =       856.2778  ANGLE   =      2286.4218  DIHED      =      3565.7451
 1-4 NB =      1003.9476  1-4 EEL =      8773.9686  VDWAALS    =     19987.0971
 EELEC  =   -160385.1260  EHBOND  =         0.0000  RESTRAINT  =      6001.7327
 EAMBER (non-restraint)  =   -123911.6682
 EKCMT  =     10420.5259  VIRIAL  =     10219.1543  VOLUME     =    512013.6955
                                                    Density    =         0.7689
 Ewald error estimate:   0.4694E-04
 ------------------------------------------------------------------------------


 NSTEP =   725000   TIME(PS) =    3450.000  TEMP(K) =   300.08  PRESS =   -30.8
 Etot   =    -94208.9232  EKtot   =     23676.0837  EPtot      =   -117885.0068
 BOND   =       871.9815  ANGLE   =      2222.5966  DIHED      =      3619.3571
 1-4 NB =      1002.6886  1-4 EEL =      8785.3286  VDWAALS    =     19786.7562
 EELEC  =   -160060.4205  EHBOND  =         0.0000  RESTRAINT  =      5886.7050
 EAMBER (non-restraint)  =   -123771.7118
 EKCMT  =     10334.5185  VIRIAL  =     10674.6929  VOLUME     =    512090.0729
                                                    Density    =         0.7688
 Ewald error estimate:   0.1221E-04
 ------------------------------------------------------------------------------


 NSTEP =   750000   TIME(PS) =    3500.000  TEMP(K) =   300.20  PRESS =   -82.7
 Etot   =    -94194.2580  EKtot   =     23685.8199  EPtot      =   -117880.0779
 BOND   =       877.6694  ANGLE   =      2246.0177  DIHED      =      3533.3575
 1-4 NB =      1020.7358  1-4 EEL =      8846.4559  VDWAALS    =     19892.6660
 EELEC  =   -160241.9342  EHBOND  =         0.0000  RESTRAINT  =      5944.9540
 EAMBER (non-restraint)  =   -123825.0319
 EKCMT  =     10333.5213  VIRIAL  =     11247.5936  VOLUME     =    512022.3159
                                                    Density    =         0.7689
 Ewald error estimate:   0.5169E-04
 ------------------------------------------------------------------------------


 NSTEP =   775000   TIME(PS) =    3550.000  TEMP(K) =   298.08  PRESS =   -26.9
 Etot   =    -94195.9505  EKtot   =     23518.6783  EPtot      =   -117714.6288
 BOND   =       865.8722  ANGLE   =      2252.4245  DIHED      =      3567.2754
 1-4 NB =      1000.7309  1-4 EEL =      8703.3063  VDWAALS    =     19961.8527
 EELEC  =   -160012.1606  EHBOND  =         0.0000  RESTRAINT  =      5946.0698
 EAMBER (non-restraint)  =   -123660.6986
 EKCMT  =     10247.7458  VIRIAL  =     10545.2283  VOLUME     =    512087.9817
                                                    Density    =         0.7688
 Ewald error estimate:   0.5921E-04
 ------------------------------------------------------------------------------


 NSTEP =   800000   TIME(PS) =    3600.000  TEMP(K) =   299.31  PRESS =   -27.2
 Etot   =    -94160.7769  EKtot   =     23615.2667  EPtot      =   -117776.0437
 BOND   =       830.1954  ANGLE   =      2188.4751  DIHED      =      3535.0487
 1-4 NB =      1016.1851  1-4 EEL =      8736.8114  VDWAALS    =     19901.2341
 EELEC  =   -159941.1511  EHBOND  =         0.0000  RESTRAINT  =      5957.1576
 EAMBER (non-restraint)  =   -123733.2012
 EKCMT  =     10272.9949  VIRIAL  =     10573.4621  VOLUME     =    512182.5510
                                                    Density    =         0.7687
 Ewald error estimate:   0.5344E-04
 ------------------------------------------------------------------------------


 NSTEP =   825000   TIME(PS) =    3650.000  TEMP(K) =   301.76  PRESS =   -70.9
 Etot   =    -94193.3141  EKtot   =     23808.3819  EPtot      =   -118001.6960
 BOND   =       848.4943  ANGLE   =      2224.8370  DIHED      =      3560.8877
 1-4 NB =      1015.3020  1-4 EEL =      8724.5761  VDWAALS    =     19864.4955
 EELEC  =   -160241.8416  EHBOND  =         0.0000  RESTRAINT  =      6001.5531
 EAMBER (non-restraint)  =   -124003.2491
 EKCMT  =     10383.2159  VIRIAL  =     11167.1591  VOLUME     =    512068.7091
                                                    Density    =         0.7689
 Ewald error estimate:   0.7930E-04
 ------------------------------------------------------------------------------


 NSTEP =   850000   TIME(PS) =    3700.000  TEMP(K) =   298.74  PRESS =   103.0
 Etot   =    -94209.0729  EKtot   =     23570.6034  EPtot      =   -117779.6762
 BOND   =       868.7753  ANGLE   =      2237.8821  DIHED      =      3535.4153
 1-4 NB =      1007.2838  1-4 EEL =      8797.8158  VDWAALS    =     20063.7990
 EELEC  =   -160287.6394  EHBOND  =         0.0000  RESTRAINT  =      5996.9918
 EAMBER (non-restraint)  =   -123776.6680
 EKCMT  =     10158.4714  VIRIAL  =      9019.8296  VOLUME     =    511991.7488
                                                    Density    =         0.7690
 Ewald error estimate:   0.3040E-06
 ------------------------------------------------------------------------------


 NSTEP =   875000   TIME(PS) =    3750.000  TEMP(K) =   298.87  PRESS =   105.2
 Etot   =    -94208.7183  EKtot   =     23580.6405  EPtot      =   -117789.3588
 BOND   =       850.8205  ANGLE   =      2211.8904  DIHED      =      3609.8385
 1-4 NB =      1018.1587  1-4 EEL =      8738.7697  VDWAALS    =     19987.6107
 EELEC  =   -160180.4699  EHBOND  =         0.0000  RESTRAINT  =      5974.0226
 EAMBER (non-restraint)  =   -123763.3814
 EKCMT  =     10258.2952  VIRIAL  =      9094.8345  VOLUME     =    512029.0748
                                                    Density    =         0.7689
 Ewald error estimate:   0.1219E-04
 ------------------------------------------------------------------------------


 NSTEP =   900000   TIME(PS) =    3800.000  TEMP(K) =   299.23  PRESS =    47.1
 Etot   =    -94157.1085  EKtot   =     23608.9926  EPtot      =   -117766.1010
 BOND   =       852.1789  ANGLE   =      2292.8725  DIHED      =      3552.9019
 1-4 NB =      1008.5461  1-4 EEL =      8747.7753  VDWAALS    =     20039.2415
 EELEC  =   -160287.6339  EHBOND  =         0.0000  RESTRAINT  =      6028.0167
 EAMBER (non-restraint)  =   -123794.1177
 EKCMT  =     10288.9408  VIRIAL  =      9768.0927  VOLUME     =    512104.4041
                                                    Density    =         0.7688
 Ewald error estimate:   0.5372E-05
 ------------------------------------------------------------------------------


 NSTEP =   925000   TIME(PS) =    3850.000  TEMP(K) =   300.99  PRESS =   -12.2
 Etot   =    -94148.5503  EKtot   =     23748.0289  EPtot      =   -117896.5792
 BOND   =       835.3937  ANGLE   =      2297.8207  DIHED      =      3547.4555
 1-4 NB =      1001.6845  1-4 EEL =      8763.8703  VDWAALS    =     19848.9977
 EELEC  =   -160103.0771  EHBOND  =         0.0000  RESTRAINT  =      5911.2755
 EAMBER (non-restraint)  =   -123807.8547
 EKCMT  =     10311.8089  VIRIAL  =     10446.1541  VOLUME     =    512023.9285
                                                    Density    =         0.7689
 Ewald error estimate:   0.1732E-04
 ------------------------------------------------------------------------------


 NSTEP =   950000   TIME(PS) =    3900.000  TEMP(K) =   299.01  PRESS =     2.9
 Etot   =    -94170.5706  EKtot   =     23591.7295  EPtot      =   -117762.3002
 BOND   =       809.8607  ANGLE   =      2237.2750  DIHED      =      3573.8632
 1-4 NB =      1018.2219  1-4 EEL =      8712.6274  VDWAALS    =     19826.7528
 EELEC  =   -159880.4711  EHBOND  =         0.0000  RESTRAINT  =      5939.5698
 EAMBER (non-restraint)  =   -123701.8700
 EKCMT  =     10245.6939  VIRIAL  =     10213.6753  VOLUME     =    511934.2409
                                                    Density    =         0.7691
 Ewald error estimate:   0.4916E-04
 ------------------------------------------------------------------------------


 NSTEP =   975000   TIME(PS) =    3950.000  TEMP(K) =   298.23  PRESS =  -128.1
 Etot   =    -94146.1631  EKtot   =     23530.4988  EPtot      =   -117676.6619
 BOND   =       805.1408  ANGLE   =      2275.0688  DIHED      =      3552.9330
 1-4 NB =      1018.7108  1-4 EEL =      8771.6576  VDWAALS    =     19681.9143
 EELEC  =   -159826.1387  EHBOND  =         0.0000  RESTRAINT  =      6044.0515
 EAMBER (non-restraint)  =   -123720.7134
 EKCMT  =     10335.1177  VIRIAL  =     11751.8479  VOLUME     =    512238.6786
                                                    Density    =         0.7686
 Ewald error estimate:   0.7536E-04
 ------------------------------------------------------------------------------


 NSTEP =  1000000   TIME(PS) =    4000.000  TEMP(K) =   298.15  PRESS =    92.3
 Etot   =    -94143.5323  EKtot   =     23524.1437  EPtot      =   -117667.6759
 BOND   =       844.2182  ANGLE   =      2271.3019  DIHED      =      3554.7088
 1-4 NB =      1036.4852  1-4 EEL =      8748.0871  VDWAALS    =     19923.4403
 EELEC  =   -160020.5669  EHBOND  =         0.0000  RESTRAINT  =      5974.6495
 EAMBER (non-restraint)  =   -123642.3255
 EKCMT  =     10194.3824  VIRIAL  =      9173.0598  VOLUME     =    512316.6387
                                                    Density    =         0.7685
 Ewald error estimate:   0.8398E-05
 ------------------------------------------------------------------------------


      A V E R A G E S   O V E R      40 S T E P S


 NSTEP =  1000000   TIME(PS) =    4000.000  TEMP(K) =   299.66  PRESS =    -9.1
 Etot   =    -94208.5663  EKtot   =     23643.3659  EPtot      =   -117851.9322
 BOND   =       849.5545  ANGLE   =      2243.7627  DIHED      =      3562.4130
 1-4 NB =      1007.8919  1-4 EEL =      8755.4019  VDWAALS    =     19891.4916
 EELEC  =   -160105.6261  EHBOND  =         0.0000  RESTRAINT  =      5943.1783
 EAMBER (non-restraint)  =   -123795.1105
 EKCMT  =     10271.7080  VIRIAL  =     10371.8350  VOLUME     =    511994.9142
                                                    Density    =         0.7690
 Ewald error estimate:   0.3671E-04
 ------------------------------------------------------------------------------


      R M S  F L U C T U A T I O N S


 NSTEP =  1000000   TIME(PS) =    4000.000  TEMP(K) =     1.16  PRESS =    66.5
 Etot   =        47.9189  EKtot   =        91.4548  EPtot      =       106.6592
 BOND   =        22.3002  ANGLE   =        29.9392  DIHED      =        19.4347
 1-4 NB =        11.5468  1-4 EEL =        33.3621  VDWAALS    =       100.2830
 EELEC  =       151.5450  EHBOND  =         0.0000  RESTRAINT  =        51.3110
 EAMBER (non-restraint)  =        55.3483
 EKCMT  =        69.2594  VIRIAL  =       743.0940  VOLUME     =       155.4709
                                                    Density    =         0.0002
 Ewald error estimate:   0.2451E-04
 ------------------------------------------------------------------------------

--------------------------------------------------------------------------------
   5.  TIMINGS
--------------------------------------------------------------------------------

|  NonSetup CPU Time in Major Routines, Average for All Tasks:
|
|     Routine           Sec        %
|     ------------------------------
|     DataDistrib    4785.54   20.11
|     Nonbond       18255.97   76.72
|     Bond              2.82    0.01
|     Angle            53.99    0.23
|     Dihedral        295.52    1.24
|     Shake           132.82    0.56
|     RunMD           265.60    1.12
|     Other             3.78    0.02
|     ------------------------------
|     Total         23796.05

|  PME Nonbond Pairlist CPU Time, Average for All Tasks:
|
|     Routine              Sec        %
|     ---------------------------------
|     Set Up Cit         170.67    0.72
|     Build List        1532.15    6.44
|     ---------------------------------
|     Total             1702.82    7.16

|  PME Direct Force CPU Time, Average for All Tasks:
|
|     Routine              Sec        %
|     ---------------------------------
|     NonBonded Calc   12624.24   53.05
|     Exclude Masked     178.04    0.75
|     Other              417.48    1.75
|     ---------------------------------
|     Total            13219.76   55.55

|  PME Reciprocal Force CPU Time, Average for All Tasks:
|
|     Routine              Sec        %
|     ---------------------------------
|     1D bspline         285.30    1.20
|     Grid Charges       324.65    1.36
|     Scalar Sum         429.71    1.81
|     Gradient Sum       443.61    1.86
|     FFT               1844.37    7.75
|     ---------------------------------
|     Total             3327.63   13.98

|  PME Load Balancing CPU Time, Average for All Tasks:
|
|     Routine                 Sec        %
|     ------------------------------------
|     Atom Reassign           1.37    0.01
|     Image Reassign          3.68    0.02
|     FFT Reassign            0.01    0.00
|     ------------------------------------
|     Total                   5.06    0.02

|  Final Performance Info:
|     -----------------------------------------------------
|     Average timings for last       1 steps:
|     Elapsed(s) =       0.01 Per Step(ms) =      10.78
|         ns/day =      16.04   seconds/ns =    5387.57
|
|     Average timings for all steps:
|     Elapsed(s) =   23790.65 Per Step(ms) =      23.79
|         ns/day =       7.26   seconds/ns =   11895.33
|     -----------------------------------------------------

|  Master Setup CPU time:            0.31 seconds
|  Master NonSetup CPU time:     23791.47 seconds
|  Master Total CPU time:        23791.78 seconds     6.61 hours

|  Master Setup wall time:           2    seconds
|  Master NonSetup wall time:    23791    seconds
|  Master Total wall time:       23793    seconds     6.61 hours
