
          -------------------------------------------------------
          Amber 18 PMEMD                              2018
          -------------------------------------------------------

| PMEMD implementation of SANDER, Release 18

| Run on 06/08/2020 at 15:21:43

|   Executable path: pmemd
| Working directory: /home/sobecks2/6BRT
|          Hostname: compute-0-0.local

  [-O]verwriting output

File Assignments:
|   MDIN: heat-2.in                                                             
|  MDOUT: heat-2.out                                                            
| INPCRD: heat-1.rst                                                            
|   PARM: protein_helix_nohydrogen.prmtop                                       
| RESTRT: heat-2.rst                                                            
|   REFC: heat-1.rst                                                            
|  MDVEL: mdvel                                                                 
|   MDEN: mden                                                                  
|  MDCRD: heat-2.mdcrd                                                          
| MDINFO: heat-2.mdinfo                                                         
|  MDFRC: mdfrc                                                                 


 Here is the input file:

stage 2 heating 0 to 10K in NPT                                                
&cntrl                                                                         
imin=0, irest=1, ntx=5,                                                        
nstlim=500000, dt=0.002,                                                       
ntc=2, ntf=2,                                                                  
ntt=1, tautp=1.0,                                                              
temp0=10.0,                                                                    
ntpr=25000, ntwx=25000,                                                        
ntb=2, ntp=1, pres0=1.0,                                                       
cut=10, iwrap=1,                                                               
ntr=1,                                                                         
restraint_wt = 10,                                                             
restraintmask = '@CA,C,O,N'                                                    
/                                                                              


Note: ig = -1. Setting random seed to   361188 based on wallclock time in 
      microseconds.
| irandom = 1, using AMBER's internal random number generator (default).
 
 
| Conditional Compilation Defines Used:
| PUBFFT
| BINTRAJ
| EMIL

| Largest sphere to fit in unit cell has radius =    38.538

| New format PARM file being parsed.
| Version =    1.000 Date = 06/04/20 Time = 14:30:21

| Note: 1-4 EEL scale factors are being read from the topology file.

| Note: 1-4 VDW scale factors are being read from the topology file.
| Duplicated    0 dihedrals

| Duplicated    0 dihedrals

--------------------------------------------------------------------------------
   1.  RESOURCE   USE: 
--------------------------------------------------------------------------------

 getting box info from netcdf restart file
 NATOM  =   38590 NTYPES =      18 NBONH =   36362 MBONA  =    2251
 NTHETH =    4965 MTHETA =    3061 NPHIH =   10114 MPHIA  =    9658
 NHPARM =       0 NPARM  =       0 NNB   =   69793 NRES   =   11698
 NBONA  =    2251 NTHETA =    3061 NPHIA =    9658 NUMBND =      65
 NUMANG =     148 NPTRA  =     191 NATYP =      37 NPHB   =       1
 IFBOX  =       1 NMXRS  =      24 IFCAP =       0 NEXTRA =       0
 NCOPY  =       0

| Coordinate Index Table dimensions:    14   14   14
| Direct force subcell size =     5.5518    5.6743    5.5054

     BOX TYPE: RECTILINEAR

--------------------------------------------------------------------------------
   2.  CONTROL  DATA  FOR  THE  RUN
--------------------------------------------------------------------------------

default_name                                                                    

General flags:
     imin    =       0, nmropt  =       0

Nature and format of input:
     ntx     =       5, irest   =       1, ntrx    =       1

Nature and format of output:
     ntxo    =       2, ntpr    =   25000, ntrx    =       1, ntwr    =  500000
     iwrap   =       1, ntwx    =   25000, ntwv    =       0, ntwe    =       0
     ioutfm  =       1, ntwprt  =       0, idecomp =       0, rbornstat=      0

Potential function:
     ntf     =       2, ntb     =       2, igb     =       0, nsnb    =      25
     ipol    =       0, gbsa    =       0, iesp    =       0
     dielc   =   1.00000, cut     =  10.00000, intdiel =   1.00000

Frozen or restrained atoms:
     ibelly  =       0, ntr     =       1
     restraint_wt =  10.00000

Molecular dynamics:
     nstlim  =    500000, nscm    =         0, nrespa  =         1
     t       =   0.00000, dt      =   0.00200, vlimit  =  20.00000

Berendsen (weak-coupling) temperature regulation:
     temp0   =  10.00000, tempi   =   0.00000, tautp   =   1.00000

Pressure regulation:
     ntp     =       1
     pres0   =   1.00000, comp    =  44.60000, taup    =   1.00000

SHAKE:
     ntc     =       2, jfastw  =       0
     tol     =   0.00001

| Intermolecular bonds treatment:
|     no_intermolecular_bonds =       1

| Energy averages sample interval:
|     ene_avg_sampling =   25000

Ewald parameters:
     verbose =       0, ew_type =       0, nbflag  =       1, use_pme =       1
     vdwmeth =       1, eedmeth =       1, netfrc  =       1
     Box X =   77.725   Box Y =   79.440   Box Z =   77.076
     Alpha =   90.000   Beta  =   90.000   Gamma =   90.000
     NFFT1 =   80       NFFT2 =   80       NFFT3 =   80
     Cutoff=   10.000   Tol   =0.100E-04
     Ewald Coefficient =  0.27511
     Interpolation order =    4

    LOADING THE CONSTRAINED ATOMS AS GROUPS


   5.  REFERENCE ATOM COORDINATES

  default_name                                                                    
     Mask @CA,C,O,N; matches 12528 atoms

--------------------------------------------------------------------------------
   3.  ATOMIC COORDINATES AND VELOCITIES
--------------------------------------------------------------------------------

default_name                                                                    
 begin time read from input coords =  1000.000 ps

 
 Number of triangulated 3-point waters found:    11386

     Sum of charges from parm topology file =  -0.00000018
     Forcing neutrality...

| Dynamic Memory, Types Used:
| Reals             1785721
| Integers          1524995

| Nonbonded Pairs Initial Allocation:    11672510

--------------------------------------------------------------------------------
   4.  RESULTS
--------------------------------------------------------------------------------

 ---------------------------------------------------
 APPROXIMATING switch and d/dx switch using CUBIC SPLINE INTERPOLATION
 using   5000.0 points per unit in tabled values
 TESTING RELATIVE ERROR over r ranging from 0.0 to cutoff
| CHECK switch(x): max rel err =   0.2738E-14   at   2.422500
| CHECK d/dx switch(x): max rel err =   0.8314E-11   at   2.736960
 ---------------------------------------------------
|---------------------------------------------------
| APPROXIMATING direct energy using CUBIC SPLINE INTERPOLATION
|  with   50.0 points per unit in tabled values
| Relative Error Limit not exceeded for r .gt.   2.33
| APPROXIMATING direct force using CUBIC SPLINE INTERPOLATION
|  with   50.0 points per unit in tabled values
| Relative Error Limit not exceeded for r .gt.   2.80
|---------------------------------------------------

 NSTEP =    25000   TIME(PS) =    1050.000  TEMP(K) =    10.03  PRESS =    15.3
 Etot   =   -143386.4617  EKtot   =       791.3788  EPtot      =   -144177.8406
 BOND   =       184.8265  ANGLE   =       690.8140  DIHED      =      3157.6937
 1-4 NB =       909.0094  1-4 EEL =      8816.8922  VDWAALS    =     26937.2133
 EELEC  =   -185114.2278  EHBOND  =         0.0000  RESTRAINT  =       239.9379
 EAMBER (non-restraint)  =   -144417.7785
 EKCMT  =       331.6596  VIRIAL  =       172.5548  VOLUME     =    480143.9613
                                                    Density    =         0.8200
 Ewald error estimate:   0.1070E-03
 ------------------------------------------------------------------------------


 NSTEP =    50000   TIME(PS) =    1100.000  TEMP(K) =    10.00  PRESS =    -0.8
 Etot   =   -143386.5115  EKtot   =       788.9017  EPtot      =   -144175.4132
 BOND   =       183.3966  ANGLE   =       689.9624  DIHED      =      3165.9214
 1-4 NB =       904.1056  1-4 EEL =      8807.4521  VDWAALS    =     26918.7191
 EELEC  =   -185089.1037  EHBOND  =         0.0000  RESTRAINT  =       244.1333
 EAMBER (non-restraint)  =   -144419.5465
 EKCMT  =       335.4072  VIRIAL  =       343.7602  VOLUME     =    480149.3715
                                                    Density    =         0.8200
 Ewald error estimate:   0.1125E-03
 ------------------------------------------------------------------------------


 NSTEP =    75000   TIME(PS) =    1150.000  TEMP(K) =     9.99  PRESS =    -0.1
 Etot   =   -143386.7379  EKtot   =       788.5195  EPtot      =   -144175.2574
 BOND   =       184.5763  ANGLE   =       696.4003  DIHED      =      3161.4927
 1-4 NB =       909.0934  1-4 EEL =      8813.9188  VDWAALS    =     26937.4865
 EELEC  =   -185123.5811  EHBOND  =         0.0000  RESTRAINT  =       245.3557
 EAMBER (non-restraint)  =   -144420.6131
 EKCMT  =       339.9776  VIRIAL  =       341.2878  VOLUME     =    480137.4387
                                                    Density    =         0.8200
 Ewald error estimate:   0.1314E-03
 ------------------------------------------------------------------------------


 NSTEP =   100000   TIME(PS) =    1200.000  TEMP(K) =    10.01  PRESS =     6.0
 Etot   =   -143387.0215  EKtot   =       790.1190  EPtot      =   -144177.1404
 BOND   =       181.2334  ANGLE   =       690.6040  DIHED      =      3159.1601
 1-4 NB =       907.5234  1-4 EEL =      8826.5011  VDWAALS    =     26944.6453
 EELEC  =   -185131.9155  EHBOND  =         0.0000  RESTRAINT  =       245.1077
 EAMBER (non-restraint)  =   -144422.2481
 EKCMT  =       343.6431  VIRIAL  =       281.6268  VOLUME     =    480146.1681
                                                    Density    =         0.8200
 Ewald error estimate:   0.1385E-03
 ------------------------------------------------------------------------------


 NSTEP =   125000   TIME(PS) =    1250.000  TEMP(K) =    10.02  PRESS =    -1.9
 Etot   =   -143386.2385  EKtot   =       790.7385  EPtot      =   -144176.9770
 BOND   =       186.3721  ANGLE   =       686.4197  DIHED      =      3161.9103
 1-4 NB =       906.9459  1-4 EEL =      8822.2526  VDWAALS    =     26909.8979
 EELEC  =   -185097.7759  EHBOND  =         0.0000  RESTRAINT  =       247.0004
 EAMBER (non-restraint)  =   -144423.9774
 EKCMT  =       342.0981  VIRIAL  =       362.2738  VOLUME     =    480140.6615
                                                    Density    =         0.8200
 Ewald error estimate:   0.5606E-04
 ------------------------------------------------------------------------------


 NSTEP =   150000   TIME(PS) =    1300.000  TEMP(K) =     9.99  PRESS =    -1.2
 Etot   =   -143387.0823  EKtot   =       788.5440  EPtot      =   -144175.6262
 BOND   =       185.9977  ANGLE   =       689.2363  DIHED      =      3163.8836
 1-4 NB =       906.4310  1-4 EEL =      8813.1796  VDWAALS    =     26887.0394
 EELEC  =   -185070.9718  EHBOND  =         0.0000  RESTRAINT  =       249.5780
 EAMBER (non-restraint)  =   -144425.2042
 EKCMT  =       342.2146  VIRIAL  =       354.5409  VOLUME     =    480132.9995
                                                    Density    =         0.8200
 Ewald error estimate:   0.9535E-04
 ------------------------------------------------------------------------------


 NSTEP =   175000   TIME(PS) =    1350.000  TEMP(K) =     9.94  PRESS =    11.8
 Etot   =   -143387.0741  EKtot   =       784.4530  EPtot      =   -144171.5271
 BOND   =       176.9530  ANGLE   =       697.3391  DIHED      =      3163.0814
 1-4 NB =       904.3671  1-4 EEL =      8823.0670  VDWAALS    =     26958.8035
 EELEC  =   -185147.1866  EHBOND  =         0.0000  RESTRAINT  =       252.0483
 EAMBER (non-restraint)  =   -144423.5754
 EKCMT  =       341.5646  VIRIAL  =       219.4934  VOLUME     =    480127.3129
                                                    Density    =         0.8200
 Ewald error estimate:   0.8361E-04
 ------------------------------------------------------------------------------


 NSTEP =   200000   TIME(PS) =    1400.000  TEMP(K) =    10.04  PRESS =     3.0
 Etot   =   -143387.3043  EKtot   =       792.1455  EPtot      =   -144179.4498
 BOND   =       181.8193  ANGLE   =       691.4694  DIHED      =      3166.4011
 1-4 NB =       908.4974  1-4 EEL =      8810.0301  VDWAALS    =     26944.2491
 EELEC  =   -185131.3570  EHBOND  =         0.0000  RESTRAINT  =       249.4408
 EAMBER (non-restraint)  =   -144428.8906
 EKCMT  =       344.6963  VIRIAL  =       313.1678  VOLUME     =    480137.5002
                                                    Density    =         0.8200
 Ewald error estimate:   0.1015E-03
 ------------------------------------------------------------------------------


 NSTEP =   225000   TIME(PS) =    1450.000  TEMP(K) =    10.01  PRESS =    -0.6
 Etot   =   -143387.3119  EKtot   =       790.1659  EPtot      =   -144177.4778
 BOND   =       187.4405  ANGLE   =       693.6792  DIHED      =      3168.6065
 1-4 NB =       901.4616  1-4 EEL =      8798.9654  VDWAALS    =     26911.1846
 EELEC  =   -185086.2479  EHBOND  =         0.0000  RESTRAINT  =       247.4323
 EAMBER (non-restraint)  =   -144424.9101
 EKCMT  =       341.7421  VIRIAL  =       347.4988  VOLUME     =    480143.2612
                                                    Density    =         0.8200
 Ewald error estimate:   0.1139E-03
 ------------------------------------------------------------------------------


 NSTEP =   250000   TIME(PS) =    1500.000  TEMP(K) =     9.97  PRESS =     0.5
 Etot   =   -143387.6530  EKtot   =       786.9755  EPtot      =   -144174.6286
 BOND   =       179.4277  ANGLE   =       690.9219  DIHED      =      3161.6800
 1-4 NB =       906.7372  1-4 EEL =      8819.9282  VDWAALS    =     26923.6128
 EELEC  =   -185107.5889  EHBOND  =         0.0000  RESTRAINT  =       250.6523
 EAMBER (non-restraint)  =   -144425.2809
 EKCMT  =       346.0088  VIRIAL  =       340.4908  VOLUME     =    480144.4460
                                                    Density    =         0.8200
 Ewald error estimate:   0.1340E-03
 ------------------------------------------------------------------------------


 NSTEP =   275000   TIME(PS) =    1550.000  TEMP(K) =    10.03  PRESS =    -9.9
 Etot   =   -143387.4957  EKtot   =       791.3285  EPtot      =   -144178.8242
 BOND   =       190.4510  ANGLE   =       691.3002  DIHED      =      3162.6234
 1-4 NB =       902.4956  1-4 EEL =      8808.7397  VDWAALS    =     26902.6410
 EELEC  =   -185087.6596  EHBOND  =         0.0000  RESTRAINT  =       250.5844
 EAMBER (non-restraint)  =   -144429.4086
 EKCMT  =       341.4272  VIRIAL  =       443.6862  VOLUME     =    480132.6224
                                                    Density    =         0.8200
 Ewald error estimate:   0.1166E-03
 ------------------------------------------------------------------------------


 NSTEP =   300000   TIME(PS) =    1600.000  TEMP(K) =    10.05  PRESS =    -2.3
 Etot   =   -143387.4257  EKtot   =       792.6885  EPtot      =   -144180.1142
 BOND   =       182.2813  ANGLE   =       690.7891  DIHED      =      3162.2898
 1-4 NB =       908.8687  1-4 EEL =      8818.8019  VDWAALS    =     26937.0375
 EELEC  =   -185130.9191  EHBOND  =         0.0000  RESTRAINT  =       250.7366
 EAMBER (non-restraint)  =   -144430.8508
 EKCMT  =       345.7948  VIRIAL  =       369.3434  VOLUME     =    480130.6563
                                                    Density    =         0.8200
 Ewald error estimate:   0.9508E-04
 ------------------------------------------------------------------------------


 NSTEP =   325000   TIME(PS) =    1650.000  TEMP(K) =    10.00  PRESS =     6.7
 Etot   =   -143387.4353  EKtot   =       788.6422  EPtot      =   -144176.0775
 BOND   =       178.1843  ANGLE   =       693.8178  DIHED      =      3162.9505
 1-4 NB =       901.8954  1-4 EEL =      8821.7173  VDWAALS    =     26941.1553
 EELEC  =   -185128.1217  EHBOND  =         0.0000  RESTRAINT  =       252.3237
 EAMBER (non-restraint)  =   -144428.4011
 EKCMT  =       343.4820  VIRIAL  =       274.4897  VOLUME     =    480141.7878
                                                    Density    =         0.8200
 Ewald error estimate:   0.1230E-03
 ------------------------------------------------------------------------------


 NSTEP =   350000   TIME(PS) =    1700.000  TEMP(K) =     9.97  PRESS =     1.8
 Etot   =   -143387.1856  EKtot   =       786.6844  EPtot      =   -144173.8700
 BOND   =       181.0506  ANGLE   =       692.7748  DIHED      =      3162.3641
 1-4 NB =       907.2749  1-4 EEL =      8818.3979  VDWAALS    =     26935.7225
 EELEC  =   -185121.7712  EHBOND  =         0.0000  RESTRAINT  =       250.3163
 EAMBER (non-restraint)  =   -144424.1864
 EKCMT  =       340.9234  VIRIAL  =       322.4110  VOLUME     =    480143.7037
                                                    Density    =         0.8200
 Ewald error estimate:   0.9273E-04
 ------------------------------------------------------------------------------


 NSTEP =   375000   TIME(PS) =    1750.000  TEMP(K) =     9.97  PRESS =    -8.9
 Etot   =   -143387.3139  EKtot   =       786.8656  EPtot      =   -144174.1795
 BOND   =       181.5311  ANGLE   =       694.0252  DIHED      =      3167.1458
 1-4 NB =       907.0086  1-4 EEL =      8808.8332  VDWAALS    =     26918.3222
 EELEC  =   -185101.2254  EHBOND  =         0.0000  RESTRAINT  =       250.1798
 EAMBER (non-restraint)  =   -144424.3593
 EKCMT  =       342.3841  VIRIAL  =       435.1020  VOLUME     =    480135.2888
                                                    Density    =         0.8200
 Ewald error estimate:   0.1133E-03
 ------------------------------------------------------------------------------


 NSTEP =   400000   TIME(PS) =    1800.000  TEMP(K) =     9.95  PRESS =    -6.0
 Etot   =   -143387.1762  EKtot   =       785.2087  EPtot      =   -144172.3849
 BOND   =       181.4530  ANGLE   =       691.8053  DIHED      =      3167.4072
 1-4 NB =       905.4517  1-4 EEL =      8811.2564  VDWAALS    =     26892.2260
 EELEC  =   -185074.4860  EHBOND  =         0.0000  RESTRAINT  =       252.5016
 EAMBER (non-restraint)  =   -144424.8865
 EKCMT  =       341.4865  VIRIAL  =       403.5060  VOLUME     =    480139.5357
                                                    Density    =         0.8200
 Ewald error estimate:   0.1096E-03
 ------------------------------------------------------------------------------


 NSTEP =   425000   TIME(PS) =    1850.000  TEMP(K) =    10.05  PRESS =    14.8
 Etot   =   -143387.2642  EKtot   =       792.7631  EPtot      =   -144180.0273
 BOND   =       184.0103  ANGLE   =       693.6564  DIHED      =      3160.9444
 1-4 NB =       903.7349  1-4 EEL =      8811.3332  VDWAALS    =     26945.2878
 EELEC  =   -185126.1140  EHBOND  =         0.0000  RESTRAINT  =       247.1196
 EAMBER (non-restraint)  =   -144427.1469
 EKCMT  =       342.9347  VIRIAL  =       189.0047  VOLUME     =    480138.0470
                                                    Density    =         0.8200
 Ewald error estimate:   0.1045E-03
 ------------------------------------------------------------------------------


 NSTEP =   450000   TIME(PS) =    1900.000  TEMP(K) =    10.02  PRESS =     8.9
 Etot   =   -143387.2772  EKtot   =       790.5811  EPtot      =   -144177.8583
 BOND   =       183.5653  ANGLE   =       692.0778  DIHED      =      3160.1569
 1-4 NB =       906.1855  1-4 EEL =      8816.0760  VDWAALS    =     26918.9968
 EELEC  =   -185103.2733  EHBOND  =         0.0000  RESTRAINT  =       248.3567
 EAMBER (non-restraint)  =   -144426.2150
 EKCMT  =       342.6168  VIRIAL  =       250.4229  VOLUME     =    480133.3371
                                                    Density    =         0.8200
 Ewald error estimate:   0.1023E-03
 ------------------------------------------------------------------------------


 NSTEP =   475000   TIME(PS) =    1950.000  TEMP(K) =    10.03  PRESS =     4.9
 Etot   =   -143387.2010  EKtot   =       791.0726  EPtot      =   -144178.2736
 BOND   =       187.1564  ANGLE   =       693.3231  DIHED      =      3163.0067
 1-4 NB =       902.0815  1-4 EEL =      8811.4551  VDWAALS    =     26930.0597
 EELEC  =   -185114.7034  EHBOND  =         0.0000  RESTRAINT  =       249.3473
 EAMBER (non-restraint)  =   -144427.6210
 EKCMT  =       345.5606  VIRIAL  =       294.5502  VOLUME     =    480141.2186
                                                    Density    =         0.8200
 Ewald error estimate:   0.9568E-04
 ------------------------------------------------------------------------------


 NSTEP =   500000   TIME(PS) =    2000.000  TEMP(K) =     9.99  PRESS =    16.2
 Etot   =   -143386.8562  EKtot   =       788.2095  EPtot      =   -144175.0657
 BOND   =       184.7473  ANGLE   =       694.8568  DIHED      =      3163.1071
 1-4 NB =       906.5393  1-4 EEL =      8814.5518  VDWAALS    =     26945.2215
 EELEC  =   -185134.5103  EHBOND  =         0.0000  RESTRAINT  =       250.4208
 EAMBER (non-restraint)  =   -144425.4865
 EKCMT  =       339.8172  VIRIAL  =       172.2996  VOLUME     =    480146.8269
                                                    Density    =         0.8200
 Ewald error estimate:   0.6151E-04
 ------------------------------------------------------------------------------


      A V E R A G E S   O V E R      20 S T E P S


 NSTEP =   500000   TIME(PS) =    2000.000  TEMP(K) =    10.00  PRESS =     2.9
 Etot   =   -143387.1014  EKtot   =       789.2993  EPtot      =   -144176.4007
 BOND   =       183.3237  ANGLE   =       692.2637  DIHED      =      3163.0913
 1-4 NB =       905.7854  1-4 EEL =      8814.6675  VDWAALS    =     26926.9761
 EELEC  =   -185111.1370  EHBOND  =         0.0000  RESTRAINT  =       248.6287
 EAMBER (non-restraint)  =   -144425.0293
 EKCMT  =       341.7720  VIRIAL  =       311.5755  VOLUME     =    480139.3073
                                                    Density    =         0.8200
 Ewald error estimate:   0.1044E-03
 ------------------------------------------------------------------------------


      R M S  F L U C T U A T I O N S


 NSTEP =   500000   TIME(PS) =    2000.000  TEMP(K) =     0.03  PRESS =     7.4
 Etot   =         0.3597  EKtot   =         2.3414  EPtot      =         2.3557
 BOND   =         3.2175  ANGLE   =         2.4463  DIHED      =         2.7408
 1-4 NB =         2.4068  1-4 EEL =         6.3585  VDWAALS    =        18.7738
 EELEC  =        21.0293  EHBOND  =         0.0000  RESTRAINT  =         3.0703
 EAMBER (non-restraint)  =        -0.7146
 EKCMT  =         3.2938  VIRIAL  =        77.9779  VOLUME     =         5.7573
                                                    Density    =         0.0000
 Ewald error estimate:   0.2066E-04
 ------------------------------------------------------------------------------

--------------------------------------------------------------------------------
   5.  TIMINGS
--------------------------------------------------------------------------------

|  NonSetup CPU Time in Major Routines:
|
|     Routine           Sec        %
|     ------------------------------
|     Nonbond      118439.36   96.23
|     Bond             18.17    0.01
|     Angle           382.74    0.31
|     Dihedral       2265.38    1.84
|     Shake           928.05    0.75
|     RunMD          1042.09    0.85
|     Other             0.73    0.00
|     ------------------------------
|     Total        123076.52

|  PME Nonbond Pairlist CPU Time:
|
|     Routine              Sec        %
|     ---------------------------------
|     Set Up Cit          17.59    0.01
|     Build List        2046.25    1.66
|     ---------------------------------
|     Total             2063.84    1.68

|  PME Direct Force CPU Time:
|
|     Routine              Sec        %
|     ---------------------------------
|     NonBonded Calc   94929.77   77.13
|     Exclude Masked    1178.62    0.96
|     Other              906.10    0.74
|     ---------------------------------
|     Total            97014.49   78.82

|  PME Reciprocal Force CPU Time:
|
|     Routine              Sec        %
|     ---------------------------------
|     1D bspline        1866.61    1.52
|     Grid Charges      1927.99    1.57
|     Scalar Sum        3261.46    2.65
|     Gradient Sum      2759.74    2.24
|     FFT               9452.85    7.68
|     ---------------------------------
|     Total            19268.64   15.66

|  Final Performance Info:
|     -----------------------------------------------------
|     Average timings for last       1 steps:
|     Elapsed(s) =       0.00 Per Step(ms) =       3.12
|         ns/day =      55.35   seconds/ns =    1561.04
|
|     Average timings for all steps:
|     Elapsed(s) =  123053.39 Per Step(ms) =     246.11
|         ns/day =       0.70   seconds/ns =  123053.39
|     -----------------------------------------------------

|  Setup CPU time:            0.24 seconds
|  NonSetup CPU time:    123076.52 seconds
|  Total CPU time:       123076.76 seconds    34.19 hours

|  Setup wall time:           1    seconds
|  NonSetup wall time:   123053    seconds
|  Total wall time:      123054    seconds    34.18 hours
